<?xml version="1.0" encoding="UTF-8"?>
<!-- Generated by org.testng.reporters.JUnitReportReporter -->
<testsuite skipped="0" hostname="DESKTOP-9DI402V" name="practice.anagram" tests="1" failures="0" timestamp="2022-03-22T12:17:52 IST" time="4.392" errors="0">
  <testcase name="tc1" time="4.392" classname="practice.anagram"/>
  <system-out/>
</testsuite> <!-- practice.anagram -->
