<?xml version="1.0" encoding="UTF-8"?>
<!-- Generated by org.testng.reporters.JUnitReportReporter -->
<testsuite skipped="0" hostname="DESKTOP-9DI402V" name="practice.descending" tests="1" failures="0" timestamp="2022-03-21T19:48:35 IST" time="9.793" errors="0">
  <testcase name="tc1" time="9.793" classname="practice.descending"/>
  <system-out/>
</testsuite> <!-- practice.descending -->
