<?xml version="1.0" encoding="UTF-8"?>
<!-- Generated by org.testng.reporters.JUnitReportReporter -->
<testsuite skipped="0" hostname="DESKTOP-9DI402V" name="practice.singleoccurance" tests="1" failures="0" timestamp="2022-03-21T20:04:39 IST" time="8.731" errors="0">
  <testcase name="tc1" time="8.731" classname="practice.singleoccurance"/>
  <system-out/>
</testsuite> <!-- practice.singleoccurance -->
