<?xml version="1.0" encoding="UTF-8"?>
<!-- Generated by org.testng.reporters.JUnitReportReporter -->
<testsuite skipped="0" hostname="DESKTOP-9DI402V" name="practice.anagram" tests="1" failures="0" timestamp="2022-03-21T17:30:57 IST" time="5.340" errors="0">
  <testcase name="tc1" time="5.340" classname="practice.anagram"/>
  <system-out/>
</testsuite> <!-- practice.anagram -->
