<?xml version="1.0" encoding="UTF-8"?>
<!-- Generated by org.testng.reporters.JUnitReportReporter -->
<testsuite skipped="0" hostname="DESKTOP-9DI402V" name="practice.occurance" tests="1" failures="0" timestamp="2022-03-21T18:37:05 IST" time="6.475" errors="0">
  <testcase name="tc1" time="6.475" classname="practice.occurance"/>
  <system-out/>
</testsuite> <!-- practice.occurance -->
